
****** PlanAhead v14.2
  **** Build 194362 by xbuild on Fri Jul 20 18:52:36 MDT 2012
    ** Copyright 1986-1999, 2001-2012 Xilinx, Inc. All Rights Reserved.

INFO: [Common 17-78] Attempting to get a license: PlanAhead
INFO: [Common 17-290] Got license for PlanAhead
INFO: [Common 17-86] Your PlanAhead license expires in 17 day(s)
INFO: [Device 21-36] Loading parts and site information from E:/Xilinx/14.2/ISE_DS/PlanAhead/data/parts/arch.xml
Parsing RTL primitives file [E:/Xilinx/14.2/ISE_DS/PlanAhead/data/parts/xilinx/rtl/prims/rtl_prims.xml]
Finished parsing RTL primitives file [E:/Xilinx/14.2/ISE_DS/PlanAhead/data/parts/xilinx/rtl/prims/rtl_prims.xml]
start_gui
source F:/VIs/VV_Photonpy/MultiChannelBalancedCorrelatorGitHub_10_03_2013/pa.fromNcd.tcl
# create_project -name PhotonCounter -dir "F:/VIs/VV_Photonpy/MultiChannelBalancedCorrelatorGitHub_10_03_2013/planAhead_run_1" -part xc6slx16ftg256-2
Parsing template File [E:/Xilinx/14.2/ISE_DS/ISE/data/projnav/templates/verilog.xml].
Finished parsing template File [E:/Xilinx/14.2/ISE_DS/ISE/data/projnav/templates/verilog.xml].
Parsing template File [E:/Xilinx/14.2/ISE_DS/ISE/data/projnav/templates/vhdl.xml].
Finished parsing template File [E:/Xilinx/14.2/ISE_DS/ISE/data/projnav/templates/vhdl.xml].
Parsing template File [E:/Xilinx/14.2/ISE_DS/ISE/data/projnav/templates/ucf.xml].
Finished parsing template File [E:/Xilinx/14.2/ISE_DS/ISE/data/projnav/templates/ucf.xml].
create_project: Time (s): elapsed = 00:00:17 . Memory (MB): peak = 219.289 ; gain = 0.000
# set srcset [get_property srcset [current_run -impl]]
# set_property design_mode GateLvl $srcset
# set_property edif_top_file "F:/VIs/VV_Photonpy/MultiChannelBalancedCorrelatorGitHub_10_03_2013/PhotonCounter.ngc" [ get_property srcset [ current_run ] ]
# add_files -norecurse { {F:/VIs/VV_Photonpy/MultiChannelBalancedCorrelatorGitHub_10_03_2013} {E:/Program Files/Opal Kelly/FrontPanelNEW/FrontPanelUSB/FrontPanelHDL/XEM6001} {ipcore_dir} {../XEM6001} }
exit
INFO: [Common 17-206] Exiting PlanAhead...
INFO: [Common 17-83] Releasing license: PlanAhead
